2025-12-10 16:02:03 - INFO - logging in using static token
2025-12-10 16:02:05 - INFO - Shard ID None has connected to Gateway (Session ID: ec3044e08126d75c1bb9ea2167e6b0df).
2025-12-10 16:07:22 - INFO - logging in using static token
2025-12-10 16:07:24 - INFO - Shard ID None has connected to Gateway (Session ID: 3ce3d62056efbea42d171852de01e880).
2025-12-10 19:04:38 - INFO - logging in using static token
2025-12-10 19:04:39 - INFO - Shard ID None has connected to Gateway (Session ID: 4191ddcab0e715f8f317d154fd4adde7).
2025-12-10 19:04:57 - INFO - User saechii got waifu: Saber Alter from Fate Series
2025-12-10 19:13:04 - INFO - User rubberdino got waifu: Kafka from Honkai: Star Rail
2025-12-10 19:16:53 - INFO - logging in using static token
2025-12-10 19:16:56 - INFO - Shard ID None has connected to Gateway (Session ID: df674d99f0be02ae0796584e8bb5faa2).
2025-12-10 19:17:07 - INFO - User saechii got waifu: Saber Alter from Fate Series
2025-12-10 19:17:17 - INFO - User viomoona got waifu: Marin Kitagawa from My Dress-Up Darling
2025-12-10 19:20:22 - INFO - User saechii generated waifu (Text-to-Image): yor dari spy x family menggunakan pakaian pantai (summer outfit), sedikit terbuka, dan malu malu
2025-12-10 19:22:35 - WARNING - Can't keep up, shard ID None websocket is 10.3s behind.
2025-12-10 19:22:35 - WARNING - Can't keep up, shard ID None websocket is 10.3s behind.
2025-12-10 19:22:52 - INFO - User sinonmzc got waifu: Sayu Ogiwara from Higehiro: After Being Rejected, I Shaved and Took in a High School Runaway
2025-12-10 19:24:05 - INFO - Shard ID None has successfully RESUMED session df674d99f0be02ae0796584e8bb5faa2.
2025-12-10 19:28:56 - INFO - logging in using static token
2025-12-10 19:28:58 - INFO - Shard ID None has connected to Gateway (Session ID: 08960e1a3b625417b40aeb5ebfabcc2b).
2025-12-10 19:30:10 - INFO - User saechii generated waifu (Text-to-Image): Cute Female girl, wearing no clothes (nude), white skin, wearing glasses, white hair, black eyes
2025-12-10 19:31:28 - INFO - logging in using static token
2025-12-10 19:31:32 - INFO - Shard ID None has connected to Gateway (Session ID: ed2e1615ea155fb600b7ad060578ab2b).
2025-12-10 19:32:32 - INFO - User saechii generated waifu (Text-to-Image): Cute girl, wearing no clothes (nude), white skin, wearing glasses, white hair, black eyes, wearing butterfly ribbon
2025-12-10 19:34:22 - INFO - logging in using static token
2025-12-10 19:34:27 - INFO - Shard ID None has connected to Gateway (Session ID: 33f0a00a25a4c462f4e4a485340e9bac).
2025-12-10 19:34:54 - INFO - User saechii generated waifu (Text-to-Image): Cute girl, white skin, wearing glasses, white hair, black eyes, wearing butterfly ribbon
2025-12-10 20:20:20 - INFO - User saechii generated waifu (Text-to-Image): pink hair
https://cdn.discordapp.com/attachments/1338589876798361723/1448302684200501281/FB_IMG_1765354788036.jpg?ex=693ac47c&is=693972fc&hm=ba2d2717cae129ead3b07db13ca77b623e8be4cd9460d9f02e21bbf873c4f44a&
2025-12-10 20:26:41 - INFO - User saechii got waifu: Keqing from Genshin Impact
2025-12-10 20:30:07 - INFO - User rubberdino got waifu: Saber Alter from Fate Series
2025-12-11 02:36:09 - INFO - logging in using static token
2025-12-11 02:36:11 - INFO - Shard ID None has connected to Gateway (Session ID: c0aaa1a1900faa1bee5c11c99166da78).
2025-12-11 18:43:51 - INFO - logging in using static token
2025-12-11 18:43:54 - INFO - Shard ID None has connected to Gateway (Session ID: 9fbfcc2619e2a58742b0b1a5f6e28219).
2025-12-11 18:44:12 - INFO - Connecting to voice...
2025-12-11 18:44:12 - INFO - Starting voice handshake... (connection attempt 1)
2025-12-11 18:44:13 - INFO - Voice handshake complete. Endpoint found: c-sin15-864da780.discord.media:2096
2025-12-11 18:44:15 - INFO - Voice connection complete.
2025-12-11 18:45:01 - INFO - User saechii got waifu: Sayu Ogiwara from Higehiro: After Being Rejected, I Shaved and Took in a High School Runaway
2025-12-11 18:56:48 - INFO - The voice handshake is being terminated for Channel ID 917623503740616720 (Guild ID 917623502239059978)
2025-12-12 10:40:02 - INFO - logging in using static token
2025-12-12 10:40:04 - INFO - Shard ID None has connected to Gateway (Session ID: 635cca648fd9b83f81d7792a8738c0d6).
2025-12-12 11:00:01 - INFO - User saechii got waifu: Marin Kitagawa from My Dress-Up Darling
2025-12-12 11:05:43 - INFO - Connecting to voice...
2025-12-12 11:05:43 - INFO - Starting voice handshake... (connection attempt 1)
2025-12-12 11:05:44 - INFO - Voice handshake complete. Endpoint found: c-sin15-864da780.discord.media:2096
2025-12-12 11:06:13 - INFO - Timed out connecting to voice
2025-12-12 11:06:13 - INFO - The voice handshake is being terminated for Channel ID 917623503740616720 (Guild ID 917623502239059978)
2025-12-12 11:06:13 - INFO - The voice handshake is being terminated for Channel ID 917623503740616720 (Guild ID 917623502239059978)
2025-12-12 11:06:43 - ERROR - Ignoring exception in command join
Traceback (most recent call last):
  File "C:\Users\ezraf\AppData\Local\Programs\Python\Python312\Lib\asyncio\tasks.py", line 520, in wait_for
    return await fut
           ^^^^^^^^^
  File "C:\Users\ezraf\AppData\Local\Programs\Python\Python312\Lib\site-packages\discord\voice_state.py", line 412, in _inner_connect
    self.ws = await self._connect_websocket(resume)
              ^^^^^^^^^^^^^^^^^^^^^^^^^^^^^^^^^^^^^
  File "C:\Users\ezraf\AppData\Local\Programs\Python\Python312\Lib\site-packages\discord\voice_state.py", line 580, in _connect_websocket
    ws = await DiscordVoiceWebSocket.from_connection_state(self, resume=resume, hook=self.hook, seq_ack=seq_ack)
         ^^^^^^^^^^^^^^^^^^^^^^^^^^^^^^^^^^^^^^^^^^^^^^^^^^^^^^^^^^^^^^^^^^^^^^^^^^^^^^^^^^^^^^^^^^^^^^^^^^^^^^^
  File "C:\Users\ezraf\AppData\Local\Programs\Python\Python312\Lib\site-packages\discord\gateway.py", line 894, in from_connection_state
    socket = await http.ws_connect(gateway, compress=15)
             ^^^^^^^^^^^^^^^^^^^^^^^^^^^^^^^^^^^^^^^^^^^
  File "C:\Users\ezraf\AppData\Local\Programs\Python\Python312\Lib\site-packages\discord\http.py", line 566, in ws_connect
    return await self.__session.ws_connect(url, **kwargs)
           ^^^^^^^^^^^^^^^^^^^^^^^^^^^^^^^^^^^^^^^^^^^^^^
  File "C:\Users\ezraf\AppData\Local\Programs\Python\Python312\Lib\site-packages\aiohttp\client.py", line 1004, in _ws_connect
    resp = await self.request(
           ^^^^^^^^^^^^^^^^^^^
  File "C:\Users\ezraf\AppData\Local\Programs\Python\Python312\Lib\site-packages\aiohttp\client.py", line 703, in _request
    conn = await self._connector.connect(
           ^^^^^^^^^^^^^^^^^^^^^^^^^^^^^^
  File "C:\Users\ezraf\AppData\Local\Programs\Python\Python312\Lib\site-packages\aiohttp\connector.py", line 548, in connect
    proto = await self._create_connection(req, traces, timeout)
            ^^^^^^^^^^^^^^^^^^^^^^^^^^^^^^^^^^^^^^^^^^^^^^^^^^^
  File "C:\Users\ezraf\AppData\Local\Programs\Python\Python312\Lib\site-packages\aiohttp\connector.py", line 1056, in _create_connection
    _, proto = await self._create_direct_connection(req, traces, timeout)
               ^^^^^^^^^^^^^^^^^^^^^^^^^^^^^^^^^^^^^^^^^^^^^^^^^^^^^^^^^^
  File "C:\Users\ezraf\AppData\Local\Programs\Python\Python312\Lib\site-packages\aiohttp\connector.py", line 1369, in _create_direct_connection
    transp, proto = await self._wrap_create_connection(
                    ^^^^^^^^^^^^^^^^^^^^^^^^^^^^^^^^^^^
  File "C:\Users\ezraf\AppData\Local\Programs\Python\Python312\Lib\site-packages\aiohttp\connector.py", line 1115, in _wrap_create_connection
    sock = await aiohappyeyeballs.start_connection(
           ^^^^^^^^^^^^^^^^^^^^^^^^^^^^^^^^^^^^^^^^
  File "C:\Users\ezraf\AppData\Local\Programs\Python\Python312\Lib\site-packages\aiohappyeyeballs\impl.py", line 78, in start_connection
    sock, _, _ = await _staggered.staggered_race(
                 ^^^^^^^^^^^^^^^^^^^^^^^^^^^^^^^^
  File "C:\Users\ezraf\AppData\Local\Programs\Python\Python312\Lib\site-packages\aiohappyeyeballs\_staggered.py", line 160, in staggered_race
    done = await _wait_one(
           ^^^^^^^^^^^^^^^^
  File "C:\Users\ezraf\AppData\Local\Programs\Python\Python312\Lib\site-packages\aiohappyeyeballs\_staggered.py", line 41, in _wait_one
    return await wait_next
           ^^^^^^^^^^^^^^^
asyncio.exceptions.CancelledError

The above exception was the direct cause of the following exception:

Traceback (most recent call last):
  File "C:\Users\ezraf\AppData\Local\Programs\Python\Python312\Lib\site-packages\discord\ext\commands\core.py", line 266, in wrapped
    ret = await coro(*args, **kwargs)
          ^^^^^^^^^^^^^^^^^^^^^^^^^^^
  File "C:\Users\ezraf\Documents\backup ezra\Project\Music Bot\code\commands\music.py", line 94, in join
    await channel.connect()
  File "C:\Users\ezraf\AppData\Local\Programs\Python\Python312\Lib\site-packages\discord\abc.py", line 2149, in connect
    await voice.connect(timeout=timeout, reconnect=reconnect, self_deaf=self_deaf, self_mute=self_mute)
  File "C:\Users\ezraf\AppData\Local\Programs\Python\Python312\Lib\site-packages\discord\voice_client.py", line 306, in connect
    await self._connection.connect(
  File "C:\Users\ezraf\AppData\Local\Programs\Python\Python312\Lib\site-packages\discord\voice_state.py", line 380, in connect
    await self._connector
  File "C:\Users\ezraf\AppData\Local\Programs\Python\Python312\Lib\site-packages\discord\voice_state.py", line 384, in _wrap_connect
    await self._connect(*args)
  File "C:\Users\ezraf\AppData\Local\Programs\Python\Python312\Lib\site-packages\discord\voice_state.py", line 429, in _connect
    await asyncio.wait_for(
  File "C:\Users\ezraf\AppData\Local\Programs\Python\Python312\Lib\asyncio\tasks.py", line 519, in wait_for
    async with timeouts.timeout(timeout):
  File "C:\Users\ezraf\AppData\Local\Programs\Python\Python312\Lib\asyncio\timeouts.py", line 115, in __aexit__
    raise TimeoutError from exc_val
TimeoutError

The above exception was the direct cause of the following exception:

Traceback (most recent call last):
  File "C:\Users\ezraf\AppData\Local\Programs\Python\Python312\Lib\site-packages\discord\ext\commands\bot.py", line 1376, in invoke
    await ctx.command.invoke(ctx)
  File "C:\Users\ezraf\AppData\Local\Programs\Python\Python312\Lib\site-packages\discord\ext\commands\core.py", line 1064, in invoke
    await injected(*ctx.args, **ctx.kwargs)  # type: ignore
    ^^^^^^^^^^^^^^^^^^^^^^^^^^^^^^^^^^^^^^^
  File "C:\Users\ezraf\AppData\Local\Programs\Python\Python312\Lib\site-packages\discord\ext\commands\core.py", line 275, in wrapped
    raise CommandInvokeError(exc) from exc
discord.ext.commands.errors.CommandInvokeError: Command raised an exception: TimeoutError: 
2025-12-12 11:17:54 - INFO - User sinonmzc got waifu: Yor Forger from Spy x Family
2025-12-12 11:18:03 - INFO - User hoshizaqi got waifu: Sparkle from Honkai: Star Rail
2025-12-12 11:34:24 - INFO - User saechii got waifu: Saber Alter from Fate Series
2025-12-12 12:40:44 - INFO - User rubberdino got waifu: Sayu Ogiwara from Higehiro: After Being Rejected, I Shaved and Took in a High School Runaway
2025-12-12 12:43:04 - INFO - Shard ID None has successfully RESUMED session 635cca648fd9b83f81d7792a8738c0d6.
2025-12-12 14:15:09 - ERROR - Attempting a reconnect in 1.19s
Traceback (most recent call last):
  File "C:\Users\ezraf\AppData\Local\Programs\Python\Python312\Lib\site-packages\aiohttp\connector.py", line 1351, in _create_direct_connection
    hosts = await self._resolve_host(host, port, traces=traces)
            ^^^^^^^^^^^^^^^^^^^^^^^^^^^^^^^^^^^^^^^^^^^^^^^^^^^
  File "C:\Users\ezraf\AppData\Local\Programs\Python\Python312\Lib\site-packages\aiohttp\connector.py", line 995, in _resolve_host
    return await asyncio.shield(resolved_host_task)
           ^^^^^^^^^^^^^^^^^^^^^^^^^^^^^^^^^^^^^^^^
  File "C:\Users\ezraf\AppData\Local\Programs\Python\Python312\Lib\site-packages\aiohttp\connector.py", line 1026, in _resolve_host_with_throttle
    addrs = await self._resolver.resolve(host, port, family=self._family)
            ^^^^^^^^^^^^^^^^^^^^^^^^^^^^^^^^^^^^^^^^^^^^^^^^^^^^^^^^^^^^^
  File "C:\Users\ezraf\AppData\Local\Programs\Python\Python312\Lib\site-packages\aiohttp\resolver.py", line 36, in resolve
    infos = await self._loop.getaddrinfo(
            ^^^^^^^^^^^^^^^^^^^^^^^^^^^^^
  File "C:\Users\ezraf\AppData\Local\Programs\Python\Python312\Lib\asyncio\base_events.py", line 901, in getaddrinfo
    return await self.run_in_executor(
           ^^^^^^^^^^^^^^^^^^^^^^^^^^^
  File "C:\Users\ezraf\AppData\Local\Programs\Python\Python312\Lib\concurrent\futures\thread.py", line 58, in run
    result = self.fn(*self.args, **self.kwargs)
             ^^^^^^^^^^^^^^^^^^^^^^^^^^^^^^^^^^
  File "C:\Users\ezraf\AppData\Local\Programs\Python\Python312\Lib\socket.py", line 964, in getaddrinfo
    for res in _socket.getaddrinfo(host, port, family, type, proto, flags):
               ^^^^^^^^^^^^^^^^^^^^^^^^^^^^^^^^^^^^^^^^^^^^^^^^^^^^^^^^^^^
socket.gaierror: [Errno 11004] getaddrinfo failed

The above exception was the direct cause of the following exception:

Traceback (most recent call last):
  File "C:\Users\ezraf\AppData\Local\Programs\Python\Python312\Lib\site-packages\discord\client.py", line 724, in connect
    self.ws = await asyncio.wait_for(coro, timeout=60.0)
              ^^^^^^^^^^^^^^^^^^^^^^^^^^^^^^^^^^^^^^^^^^
  File "C:\Users\ezraf\AppData\Local\Programs\Python\Python312\Lib\asyncio\tasks.py", line 520, in wait_for
    return await fut
           ^^^^^^^^^
  File "C:\Users\ezraf\AppData\Local\Programs\Python\Python312\Lib\site-packages\discord\gateway.py", line 383, in from_client
    socket = await client.http.ws_connect(str(url))
             ^^^^^^^^^^^^^^^^^^^^^^^^^^^^^^^^^^^^^^
  File "C:\Users\ezraf\AppData\Local\Programs\Python\Python312\Lib\site-packages\discord\http.py", line 566, in ws_connect
    return await self.__session.ws_connect(url, **kwargs)
           ^^^^^^^^^^^^^^^^^^^^^^^^^^^^^^^^^^^^^^^^^^^^^^
  File "C:\Users\ezraf\AppData\Local\Programs\Python\Python312\Lib\site-packages\aiohttp\client.py", line 1004, in _ws_connect
    resp = await self.request(
           ^^^^^^^^^^^^^^^^^^^
  File "C:\Users\ezraf\AppData\Local\Programs\Python\Python312\Lib\site-packages\aiohttp\client.py", line 703, in _request
    conn = await self._connector.connect(
           ^^^^^^^^^^^^^^^^^^^^^^^^^^^^^^
  File "C:\Users\ezraf\AppData\Local\Programs\Python\Python312\Lib\site-packages\aiohttp\connector.py", line 548, in connect
    proto = await self._create_connection(req, traces, timeout)
            ^^^^^^^^^^^^^^^^^^^^^^^^^^^^^^^^^^^^^^^^^^^^^^^^^^^
  File "C:\Users\ezraf\AppData\Local\Programs\Python\Python312\Lib\site-packages\aiohttp\connector.py", line 1056, in _create_connection
    _, proto = await self._create_direct_connection(req, traces, timeout)
               ^^^^^^^^^^^^^^^^^^^^^^^^^^^^^^^^^^^^^^^^^^^^^^^^^^^^^^^^^^
  File "C:\Users\ezraf\AppData\Local\Programs\Python\Python312\Lib\site-packages\aiohttp\connector.py", line 1357, in _create_direct_connection
    raise ClientConnectorDNSError(req.connection_key, exc) from exc
aiohttp.client_exceptions.ClientConnectorDNSError: Cannot connect to host gateway-us-east1-c.discord.gg:443 ssl:default [getaddrinfo failed]
2025-12-12 14:15:11 - INFO - Shard ID None has successfully RESUMED session 635cca648fd9b83f81d7792a8738c0d6.
2025-12-12 14:25:30 - ERROR - Attempting a reconnect in 0.94s
Traceback (most recent call last):
  File "C:\Users\ezraf\AppData\Local\Programs\Python\Python312\Lib\site-packages\aiohttp\connector.py", line 1351, in _create_direct_connection
    hosts = await self._resolve_host(host, port, traces=traces)
            ^^^^^^^^^^^^^^^^^^^^^^^^^^^^^^^^^^^^^^^^^^^^^^^^^^^
  File "C:\Users\ezraf\AppData\Local\Programs\Python\Python312\Lib\site-packages\aiohttp\connector.py", line 995, in _resolve_host
    return await asyncio.shield(resolved_host_task)
           ^^^^^^^^^^^^^^^^^^^^^^^^^^^^^^^^^^^^^^^^
  File "C:\Users\ezraf\AppData\Local\Programs\Python\Python312\Lib\site-packages\aiohttp\connector.py", line 1026, in _resolve_host_with_throttle
    addrs = await self._resolver.resolve(host, port, family=self._family)
            ^^^^^^^^^^^^^^^^^^^^^^^^^^^^^^^^^^^^^^^^^^^^^^^^^^^^^^^^^^^^^
  File "C:\Users\ezraf\AppData\Local\Programs\Python\Python312\Lib\site-packages\aiohttp\resolver.py", line 36, in resolve
    infos = await self._loop.getaddrinfo(
            ^^^^^^^^^^^^^^^^^^^^^^^^^^^^^
  File "C:\Users\ezraf\AppData\Local\Programs\Python\Python312\Lib\asyncio\base_events.py", line 901, in getaddrinfo
    return await self.run_in_executor(
           ^^^^^^^^^^^^^^^^^^^^^^^^^^^
  File "C:\Users\ezraf\AppData\Local\Programs\Python\Python312\Lib\concurrent\futures\thread.py", line 58, in run
    result = self.fn(*self.args, **self.kwargs)
             ^^^^^^^^^^^^^^^^^^^^^^^^^^^^^^^^^^
  File "C:\Users\ezraf\AppData\Local\Programs\Python\Python312\Lib\socket.py", line 964, in getaddrinfo
    for res in _socket.getaddrinfo(host, port, family, type, proto, flags):
               ^^^^^^^^^^^^^^^^^^^^^^^^^^^^^^^^^^^^^^^^^^^^^^^^^^^^^^^^^^^
socket.gaierror: [Errno 11004] getaddrinfo failed

The above exception was the direct cause of the following exception:

Traceback (most recent call last):
  File "C:\Users\ezraf\AppData\Local\Programs\Python\Python312\Lib\site-packages\discord\client.py", line 724, in connect
    self.ws = await asyncio.wait_for(coro, timeout=60.0)
              ^^^^^^^^^^^^^^^^^^^^^^^^^^^^^^^^^^^^^^^^^^
  File "C:\Users\ezraf\AppData\Local\Programs\Python\Python312\Lib\asyncio\tasks.py", line 520, in wait_for
    return await fut
           ^^^^^^^^^
  File "C:\Users\ezraf\AppData\Local\Programs\Python\Python312\Lib\site-packages\discord\gateway.py", line 383, in from_client
    socket = await client.http.ws_connect(str(url))
             ^^^^^^^^^^^^^^^^^^^^^^^^^^^^^^^^^^^^^^
  File "C:\Users\ezraf\AppData\Local\Programs\Python\Python312\Lib\site-packages\discord\http.py", line 566, in ws_connect
    return await self.__session.ws_connect(url, **kwargs)
           ^^^^^^^^^^^^^^^^^^^^^^^^^^^^^^^^^^^^^^^^^^^^^^
  File "C:\Users\ezraf\AppData\Local\Programs\Python\Python312\Lib\site-packages\aiohttp\client.py", line 1004, in _ws_connect
    resp = await self.request(
           ^^^^^^^^^^^^^^^^^^^
  File "C:\Users\ezraf\AppData\Local\Programs\Python\Python312\Lib\site-packages\aiohttp\client.py", line 703, in _request
    conn = await self._connector.connect(
           ^^^^^^^^^^^^^^^^^^^^^^^^^^^^^^
  File "C:\Users\ezraf\AppData\Local\Programs\Python\Python312\Lib\site-packages\aiohttp\connector.py", line 548, in connect
    proto = await self._create_connection(req, traces, timeout)
            ^^^^^^^^^^^^^^^^^^^^^^^^^^^^^^^^^^^^^^^^^^^^^^^^^^^
  File "C:\Users\ezraf\AppData\Local\Programs\Python\Python312\Lib\site-packages\aiohttp\connector.py", line 1056, in _create_connection
    _, proto = await self._create_direct_connection(req, traces, timeout)
               ^^^^^^^^^^^^^^^^^^^^^^^^^^^^^^^^^^^^^^^^^^^^^^^^^^^^^^^^^^
  File "C:\Users\ezraf\AppData\Local\Programs\Python\Python312\Lib\site-packages\aiohttp\connector.py", line 1357, in _create_direct_connection
    raise ClientConnectorDNSError(req.connection_key, exc) from exc
aiohttp.client_exceptions.ClientConnectorDNSError: Cannot connect to host gateway-us-east1-c.discord.gg:443 ssl:default [getaddrinfo failed]
2025-12-12 14:25:32 - INFO - Shard ID None has successfully RESUMED session 635cca648fd9b83f81d7792a8738c0d6.
2025-12-12 14:55:34 - INFO - Shard ID None has successfully RESUMED session 635cca648fd9b83f81d7792a8738c0d6.
2025-12-12 16:38:54 - INFO - Shard ID None has successfully RESUMED session 635cca648fd9b83f81d7792a8738c0d6.
